<?xml version="1.0" encoding="UTF-8"?>
<!-- Generated by org.testng.reporters.JUnitXMLReporter -->
<testsuite hostname="LAPTOP-NL1EMSF5" ignored="0" name="Default test" tests="10" failures="0" timestamp="2020-05-11T17:09:26 IST" time="480.526" errors="0">
  <testcase name="Invalid" time="41.362" classname="com.org.Specialistportal.LoginTest"/>
  <testcase name="Forgotpassword" time="6.538" classname="com.org.Specialistportal.LoginTest"/>
  <testcase name="singin" time="82.903" classname="com.org.Specialistportal.LoginTest"/>
  <testcase name="over" time="89.796" classname="com.org.Specialistportal.OverviewTest"/>
  <testcase name="Appoint" time="32.068" classname="com.org.Specialistportal.AppointmentTest"/>
  <testcase name="schedule" time="32.356" classname="com.org.Specialistportal.SchedulesTest"/>
  <testcase name="patients" time="54.229" classname="com.org.Specialistportal.PatientTest"/>
  <testcase name="Specialist" time="25.386" classname="com.org.Specialistportal.SearchTest"/>
  <testcase name="Resource" time="90.3" classname="com.org.Specialistportal.ResourcesTest"/>
  <testcase name="Profile" time="25.524" classname="com.org.Specialistportal.AccountTest"/>
</testsuite> <!-- Default test -->
